2020-12-18 11:14:03,295	[INFO]	Path to the temporal program variants: ./.pyggi/tmp_variants/QuixBugs/1608286443
2020-12-18 11:14:03,302	[INFO]	========== EXPERIMENT FOR ['java_programs/POWERSET.java.xml']  ==========
2020-12-18 11:14:03,302	[INFO]	modification points:
 ['./if[1]', './if[1]/decl_stmt[1]', './if[1]/expr_stmt[1]', './if[1]/decl_stmt[2]', './if[1]/decl_stmt[3]', './if[1]/decl_stmt[4]', './if[1]/decl_stmt[5]', './if[1]/expr_stmt[2]', './if[1]/for[1]', './if[1]/for[1]/expr_stmt[1]', './if[1]/expr_stmt[3]', './if[1]/return[1]', './decl_stmt[1]', './expr_stmt[1]', './return[1]']
2020-12-18 11:14:03,302	[INFO]	number of statements and comparisons: 15, 0
2020-12-18 11:14:03,303	[INFO]	========== EPOCH 1 ==========
2020-12-18 11:14:03,303	[INFO]	==== WARMUP ====
2020-12-18 11:14:06,514	[INFO]	WARM	SUCCESS	 4.0	
2020-12-18 11:14:06,514	[DEBUG]	<RunResult 'status': 'SUCCESS', 'fitness': 4.0>
2020-12-18 11:14:09,692	[INFO]	WARM	SUCCESS	 4.0	
2020-12-18 11:14:09,692	[DEBUG]	<RunResult 'status': 'SUCCESS', 'fitness': 4.0>
2020-12-18 11:14:12,885	[INFO]	WARM	SUCCESS	 4.0	
2020-12-18 11:14:12,885	[DEBUG]	<RunResult 'status': 'SUCCESS', 'fitness': 4.0>
2020-12-18 11:14:15,969	[INFO]	INITIAL	SUCCESS	 4.0	
2020-12-18 11:14:15,970	[DEBUG]	<RunResult 'status': 'SUCCESS', 'fitness': 4.0>
2020-12-18 11:14:15,970	[INFO]	==== START ====
2020-12-18 11:14:19,073	[INFO]	1	SUCCESS	+4.0	StmtReplacement({'target': ('java_programs/POWERSET.java.xml', 7), 'ingredient': ('java_programs/POWERSET.java.xml', 2)})
2020-12-18 11:14:19,074	[DEBUG]	*** before: java_programs/POWERSET.java.xml
--- after: java_programs/POWERSET.java.xml
***************
*** 20,26 ****
  
              ArrayList<ArrayList> output = new ArrayList<ArrayList>(100);
              ArrayList to_add = new ArrayList(100);
!             to_add.add(first);
              for (ArrayList subset : rest_subsets) {
                  to_add.addAll(subset);
              }
--- 20,26 ----
  
              ArrayList<ArrayList> output = new ArrayList<ArrayList>(100);
              ArrayList to_add = new ArrayList(100);
!             arr.remove(0);
              for (ArrayList subset : rest_subsets) {
                  to_add.addAll(subset);
              }

2020-12-18 11:14:19,077	[INFO]	2	SUCCESS	+4.0	
2020-12-18 11:14:19,078	[DEBUG]	
2020-12-18 11:14:19,140	[INFO]	==== END ====
2020-12-18 11:14:19,140	[INFO]	Reason: None
